Tue, 08 Feb 2022 17:07:53 GMT | INFO | apps.log | Minimum Expected 8 pages, got 0. Retrying attempt 1 .... | 
Tue, 08 Feb 2022 17:08:01 GMT | INFO | apps.log | Total pages: 8 | 
Tue, 08 Feb 2022 17:08:01 GMT | INFO | apps.log | Worker created for page 1 | 
Tue, 08 Feb 2022 17:08:01 GMT | INFO | apps.log | Scraping page 1...... | 
Tue, 08 Feb 2022 17:08:10 GMT | INFO | apps.log | Total ads found 32 | 
Tue, 08 Feb 2022 17:08:10 GMT | INFO | apps.log | Scraping 32 items | 
Tue, 08 Feb 2022 17:08:10 GMT | INFO | apps.log | Scraping item 1/32 of page 1..... | 
Tue, 08 Feb 2022 17:08:10 GMT | INFO | apps.log | Scraping item 2/32 of page 1..... | 
Tue, 08 Feb 2022 17:08:10 GMT | INFO | apps.log | Scraping item 3/32 of page 1..... | 
Tue, 08 Feb 2022 17:08:10 GMT | INFO | apps.log | Scraping item 4/32 of page 1..... | 
Tue, 08 Feb 2022 17:08:10 GMT | INFO | apps.log | Scraping item 5/32 of page 1..... | 
Tue, 08 Feb 2022 17:08:10 GMT | INFO | apps.log | Scraping item 6/32 of page 1..... | 
Tue, 08 Feb 2022 17:08:10 GMT | INFO | apps.log | Scraping item 7/32 of page 1..... | 
Tue, 08 Feb 2022 17:08:10 GMT | INFO | apps.log | Scraping item 8/32 of page 1..... | 
Tue, 08 Feb 2022 17:08:10 GMT | INFO | apps.log | Scraping item 9/32 of page 1..... | 
Tue, 08 Feb 2022 17:08:10 GMT | INFO | apps.log | Scraping item 10/32 of page 1..... | 
Tue, 08 Feb 2022 17:08:10 GMT | INFO | apps.log | Scraping item 11/32 of page 1..... | 
Tue, 08 Feb 2022 17:08:10 GMT | INFO | apps.log | Scraping item 12/32 of page 1..... | 
Tue, 08 Feb 2022 17:08:10 GMT | INFO | apps.log | Scraping item 13/32 of page 1..... | 
Tue, 08 Feb 2022 17:08:10 GMT | INFO | apps.log | Scraping item 14/32 of page 1..... | 
Tue, 08 Feb 2022 17:08:10 GMT | INFO | apps.log | Scraping item 15/32 of page 1..... | 
Tue, 08 Feb 2022 17:08:10 GMT | INFO | apps.log | Scraping item 16/32 of page 1..... | 
Tue, 08 Feb 2022 17:08:10 GMT | INFO | apps.log | Scraping item 17/32 of page 1..... | 
Tue, 08 Feb 2022 17:08:10 GMT | INFO | apps.log | Scraping item 18/32 of page 1..... | 
Tue, 08 Feb 2022 17:08:10 GMT | INFO | apps.log | Scraping item 19/32 of page 1..... | 
Tue, 08 Feb 2022 17:08:10 GMT | INFO | apps.log | Scraping item 20/32 of page 1..... | 
Tue, 08 Feb 2022 17:08:10 GMT | INFO | apps.log | Scraping item 21/32 of page 1..... | 
Tue, 08 Feb 2022 17:08:10 GMT | INFO | apps.log | Scraping item 22/32 of page 1..... | 
Tue, 08 Feb 2022 17:08:10 GMT | INFO | apps.log | Scraping item 23/32 of page 1..... | 
Tue, 08 Feb 2022 17:08:10 GMT | INFO | apps.log | Scraping item 24/32 of page 1..... | 
Tue, 08 Feb 2022 17:08:10 GMT | INFO | apps.log | Scraping item 25/32 of page 1..... | 
Tue, 08 Feb 2022 17:08:10 GMT | INFO | apps.log | Scraping item 26/32 of page 1..... | 
Tue, 08 Feb 2022 17:08:10 GMT | INFO | apps.log | Scraping item 27/32 of page 1..... | 
Tue, 08 Feb 2022 17:08:10 GMT | INFO | apps.log | Scraping item 28/32 of page 1..... | 
Tue, 08 Feb 2022 17:08:10 GMT | INFO | apps.log | Scraping item 29/32 of page 1..... | 
Tue, 08 Feb 2022 17:08:10 GMT | INFO | apps.log | Scraping item 30/32 of page 1..... | 
Tue, 08 Feb 2022 17:08:10 GMT | INFO | apps.log | Scraping item 31/32 of page 1..... | 
Tue, 08 Feb 2022 17:08:10 GMT | INFO | apps.log | Scraping item 32/32 of page 1..... | 
Tue, 08 Feb 2022 17:08:18 GMT | INFO | apps.log | Page 1 has 32 items | 
Tue, 08 Feb 2022 17:08:18 GMT | INFO | apps.log | Successfully scraped 32 items of page 1 | 
Tue, 08 Feb 2022 17:08:18 GMT | INFO | apps.log | Worker created for page 2 | 
Tue, 08 Feb 2022 17:08:18 GMT | INFO | apps.log | Scraping page 2...... | 
Tue, 08 Feb 2022 17:08:21 GMT | INFO | apps.log | Total ads found 32 | 
Tue, 08 Feb 2022 17:08:21 GMT | INFO | apps.log | Scraping 32 items | 
Tue, 08 Feb 2022 17:08:21 GMT | INFO | apps.log | Scraping item 1/32 of page 2..... | 
Tue, 08 Feb 2022 17:08:21 GMT | INFO | apps.log | Scraping item 2/32 of page 2..... | 
Tue, 08 Feb 2022 17:08:21 GMT | INFO | apps.log | Scraping item 3/32 of page 2..... | 
Tue, 08 Feb 2022 17:08:21 GMT | INFO | apps.log | Scraping item 4/32 of page 2..... | 
Tue, 08 Feb 2022 17:08:21 GMT | INFO | apps.log | Scraping item 5/32 of page 2..... | 
Tue, 08 Feb 2022 17:08:21 GMT | INFO | apps.log | Scraping item 6/32 of page 2..... | 
Tue, 08 Feb 2022 17:08:21 GMT | INFO | apps.log | Scraping item 7/32 of page 2..... | 
Tue, 08 Feb 2022 17:08:21 GMT | INFO | apps.log | Scraping item 8/32 of page 2..... | 
Tue, 08 Feb 2022 17:08:21 GMT | INFO | apps.log | Scraping item 9/32 of page 2..... | 
Tue, 08 Feb 2022 17:08:21 GMT | INFO | apps.log | Scraping item 10/32 of page 2..... | 
Tue, 08 Feb 2022 17:08:21 GMT | INFO | apps.log | Scraping item 11/32 of page 2..... | 
Tue, 08 Feb 2022 17:08:21 GMT | INFO | apps.log | Scraping item 12/32 of page 2..... | 
Tue, 08 Feb 2022 17:08:21 GMT | INFO | apps.log | Scraping item 13/32 of page 2..... | 
Tue, 08 Feb 2022 17:08:21 GMT | INFO | apps.log | Scraping item 14/32 of page 2..... | 
Tue, 08 Feb 2022 17:08:21 GMT | INFO | apps.log | Scraping item 15/32 of page 2..... | 
Tue, 08 Feb 2022 17:08:21 GMT | INFO | apps.log | Scraping item 16/32 of page 2..... | 
Tue, 08 Feb 2022 17:08:21 GMT | INFO | apps.log | Scraping item 17/32 of page 2..... | 
Tue, 08 Feb 2022 17:08:21 GMT | INFO | apps.log | Scraping item 18/32 of page 2..... | 
Tue, 08 Feb 2022 17:08:21 GMT | INFO | apps.log | Scraping item 19/32 of page 2..... | 
Tue, 08 Feb 2022 17:08:21 GMT | INFO | apps.log | Scraping item 20/32 of page 2..... | 
Tue, 08 Feb 2022 17:08:21 GMT | INFO | apps.log | Scraping item 21/32 of page 2..... | 
Tue, 08 Feb 2022 17:08:21 GMT | INFO | apps.log | Scraping item 22/32 of page 2..... | 
Tue, 08 Feb 2022 17:08:21 GMT | INFO | apps.log | Scraping item 23/32 of page 2..... | 
Tue, 08 Feb 2022 17:08:21 GMT | INFO | apps.log | Scraping item 24/32 of page 2..... | 
Tue, 08 Feb 2022 17:08:21 GMT | INFO | apps.log | Scraping item 25/32 of page 2..... | 
Tue, 08 Feb 2022 17:08:21 GMT | INFO | apps.log | Scraping item 26/32 of page 2..... | 
Tue, 08 Feb 2022 17:08:21 GMT | INFO | apps.log | Scraping item 27/32 of page 2..... | 
Tue, 08 Feb 2022 17:08:21 GMT | INFO | apps.log | Scraping item 28/32 of page 2..... | 
Tue, 08 Feb 2022 17:08:21 GMT | INFO | apps.log | Scraping item 29/32 of page 2..... | 
Tue, 08 Feb 2022 17:08:21 GMT | INFO | apps.log | Scraping item 30/32 of page 2..... | 
Tue, 08 Feb 2022 17:08:21 GMT | INFO | apps.log | Scraping item 31/32 of page 2..... | 
Tue, 08 Feb 2022 17:08:21 GMT | INFO | apps.log | Scraping item 32/32 of page 2..... | 
Tue, 08 Feb 2022 17:08:26 GMT | INFO | apps.log | Page 2 has 32 items | 
Tue, 08 Feb 2022 17:08:26 GMT | INFO | apps.log | Successfully scraped 32 items of page 2 | 
Tue, 08 Feb 2022 17:08:26 GMT | INFO | apps.log | Worker created for page 3 | 
Tue, 08 Feb 2022 17:08:26 GMT | INFO | apps.log | Scraping page 3...... | 
Tue, 08 Feb 2022 17:08:29 GMT | INFO | apps.log | Total ads found 32 | 
Tue, 08 Feb 2022 17:08:29 GMT | INFO | apps.log | Scraping 32 items | 
Tue, 08 Feb 2022 17:08:29 GMT | INFO | apps.log | Scraping item 1/32 of page 3..... | 
Tue, 08 Feb 2022 17:08:29 GMT | INFO | apps.log | Scraping item 2/32 of page 3..... | 
Tue, 08 Feb 2022 17:08:29 GMT | INFO | apps.log | Scraping item 3/32 of page 3..... | 
Tue, 08 Feb 2022 17:08:29 GMT | INFO | apps.log | Scraping item 4/32 of page 3..... | 
Tue, 08 Feb 2022 17:08:29 GMT | INFO | apps.log | Scraping item 5/32 of page 3..... | 
Tue, 08 Feb 2022 17:08:29 GMT | INFO | apps.log | Scraping item 6/32 of page 3..... | 
Tue, 08 Feb 2022 17:08:29 GMT | INFO | apps.log | Scraping item 7/32 of page 3..... | 
Tue, 08 Feb 2022 17:08:29 GMT | INFO | apps.log | Scraping item 8/32 of page 3..... | 
Tue, 08 Feb 2022 17:08:29 GMT | INFO | apps.log | Scraping item 9/32 of page 3..... | 
Tue, 08 Feb 2022 17:08:29 GMT | INFO | apps.log | Scraping item 10/32 of page 3..... | 
Tue, 08 Feb 2022 17:08:29 GMT | INFO | apps.log | Scraping item 11/32 of page 3..... | 
Tue, 08 Feb 2022 17:08:29 GMT | INFO | apps.log | Scraping item 12/32 of page 3..... | 
Tue, 08 Feb 2022 17:08:29 GMT | INFO | apps.log | Scraping item 13/32 of page 3..... | 
Tue, 08 Feb 2022 17:08:29 GMT | INFO | apps.log | Scraping item 14/32 of page 3..... | 
Tue, 08 Feb 2022 17:08:29 GMT | INFO | apps.log | Scraping item 15/32 of page 3..... | 
Tue, 08 Feb 2022 17:08:29 GMT | INFO | apps.log | Scraping item 16/32 of page 3..... | 
Tue, 08 Feb 2022 17:08:29 GMT | INFO | apps.log | Scraping item 17/32 of page 3..... | 
Tue, 08 Feb 2022 17:08:29 GMT | INFO | apps.log | Scraping item 18/32 of page 3..... | 
Tue, 08 Feb 2022 17:08:29 GMT | INFO | apps.log | Scraping item 19/32 of page 3..... | 
Tue, 08 Feb 2022 17:08:29 GMT | INFO | apps.log | Scraping item 20/32 of page 3..... | 
Tue, 08 Feb 2022 17:08:29 GMT | INFO | apps.log | Scraping item 21/32 of page 3..... | 
Tue, 08 Feb 2022 17:08:29 GMT | INFO | apps.log | Scraping item 22/32 of page 3..... | 
Tue, 08 Feb 2022 17:08:29 GMT | INFO | apps.log | Scraping item 23/32 of page 3..... | 
Tue, 08 Feb 2022 17:08:29 GMT | INFO | apps.log | Scraping item 24/32 of page 3..... | 
Tue, 08 Feb 2022 17:08:29 GMT | INFO | apps.log | Scraping item 25/32 of page 3..... | 
Tue, 08 Feb 2022 17:08:29 GMT | INFO | apps.log | Scraping item 26/32 of page 3..... | 
Tue, 08 Feb 2022 17:08:29 GMT | INFO | apps.log | Scraping item 27/32 of page 3..... | 
Tue, 08 Feb 2022 17:08:29 GMT | INFO | apps.log | Scraping item 28/32 of page 3..... | 
Tue, 08 Feb 2022 17:08:29 GMT | INFO | apps.log | Scraping item 29/32 of page 3..... | 
Tue, 08 Feb 2022 17:08:29 GMT | INFO | apps.log | Scraping item 30/32 of page 3..... | 
Tue, 08 Feb 2022 17:08:29 GMT | INFO | apps.log | Scraping item 31/32 of page 3..... | 
Tue, 08 Feb 2022 17:08:29 GMT | INFO | apps.log | Scraping item 32/32 of page 3..... | 
Tue, 08 Feb 2022 17:08:35 GMT | INFO | apps.log | Page 3 has 32 items | 
Tue, 08 Feb 2022 17:08:35 GMT | INFO | apps.log | Successfully scraped 32 items of page 3 | 
Tue, 08 Feb 2022 17:08:35 GMT | INFO | apps.log | Worker created for page 4 | 
Tue, 08 Feb 2022 17:08:35 GMT | INFO | apps.log | Scraping page 4...... | 
Tue, 08 Feb 2022 17:08:38 GMT | INFO | apps.log | Total ads found 32 | 
Tue, 08 Feb 2022 17:08:38 GMT | INFO | apps.log | Scraping 32 items | 
Tue, 08 Feb 2022 17:08:38 GMT | INFO | apps.log | Scraping item 1/32 of page 4..... | 
Tue, 08 Feb 2022 17:08:38 GMT | INFO | apps.log | Scraping item 2/32 of page 4..... | 
Tue, 08 Feb 2022 17:08:38 GMT | INFO | apps.log | Scraping item 3/32 of page 4..... | 
Tue, 08 Feb 2022 17:08:38 GMT | INFO | apps.log | Scraping item 4/32 of page 4..... | 
Tue, 08 Feb 2022 17:08:38 GMT | INFO | apps.log | Scraping item 5/32 of page 4..... | 
Tue, 08 Feb 2022 17:08:38 GMT | INFO | apps.log | Scraping item 6/32 of page 4..... | 
Tue, 08 Feb 2022 17:08:38 GMT | INFO | apps.log | Scraping item 7/32 of page 4..... | 
Tue, 08 Feb 2022 17:08:38 GMT | INFO | apps.log | Scraping item 8/32 of page 4..... | 
Tue, 08 Feb 2022 17:08:38 GMT | INFO | apps.log | Scraping item 9/32 of page 4..... | 
Tue, 08 Feb 2022 17:08:38 GMT | INFO | apps.log | Scraping item 10/32 of page 4..... | 
Tue, 08 Feb 2022 17:08:38 GMT | INFO | apps.log | Scraping item 11/32 of page 4..... | 
Tue, 08 Feb 2022 17:08:38 GMT | INFO | apps.log | Scraping item 12/32 of page 4..... | 
Tue, 08 Feb 2022 17:08:38 GMT | INFO | apps.log | Scraping item 13/32 of page 4..... | 
Tue, 08 Feb 2022 17:08:38 GMT | INFO | apps.log | Scraping item 14/32 of page 4..... | 
Tue, 08 Feb 2022 17:08:38 GMT | INFO | apps.log | Scraping item 15/32 of page 4..... | 
Tue, 08 Feb 2022 17:08:38 GMT | INFO | apps.log | Scraping item 16/32 of page 4..... | 
Tue, 08 Feb 2022 17:08:38 GMT | INFO | apps.log | Scraping item 17/32 of page 4..... | 
Tue, 08 Feb 2022 17:08:38 GMT | INFO | apps.log | Scraping item 18/32 of page 4..... | 
Tue, 08 Feb 2022 17:08:38 GMT | INFO | apps.log | Scraping item 19/32 of page 4..... | 
Tue, 08 Feb 2022 17:08:38 GMT | INFO | apps.log | Scraping item 20/32 of page 4..... | 
Tue, 08 Feb 2022 17:08:38 GMT | INFO | apps.log | Scraping item 21/32 of page 4..... | 
Tue, 08 Feb 2022 17:08:38 GMT | INFO | apps.log | Scraping item 22/32 of page 4..... | 
Tue, 08 Feb 2022 17:08:38 GMT | INFO | apps.log | Scraping item 23/32 of page 4..... | 
Tue, 08 Feb 2022 17:08:38 GMT | INFO | apps.log | Scraping item 24/32 of page 4..... | 
Tue, 08 Feb 2022 17:08:38 GMT | INFO | apps.log | Scraping item 25/32 of page 4..... | 
Tue, 08 Feb 2022 17:08:38 GMT | INFO | apps.log | Scraping item 26/32 of page 4..... | 
Tue, 08 Feb 2022 17:08:38 GMT | INFO | apps.log | Scraping item 27/32 of page 4..... | 
Tue, 08 Feb 2022 17:08:38 GMT | INFO | apps.log | Scraping item 28/32 of page 4..... | 
Tue, 08 Feb 2022 17:08:38 GMT | INFO | apps.log | Scraping item 29/32 of page 4..... | 
Tue, 08 Feb 2022 17:08:38 GMT | INFO | apps.log | Scraping item 30/32 of page 4..... | 
Tue, 08 Feb 2022 17:08:38 GMT | INFO | apps.log | Scraping item 31/32 of page 4..... | 
Tue, 08 Feb 2022 17:08:38 GMT | INFO | apps.log | Scraping item 32/32 of page 4..... | 
Tue, 08 Feb 2022 17:08:45 GMT | INFO | apps.log | Page 4 has 32 items | 
Tue, 08 Feb 2022 17:08:45 GMT | INFO | apps.log | Successfully scraped 32 items of page 4 | 
Tue, 08 Feb 2022 17:08:45 GMT | INFO | apps.log | Worker created for page 5 | 
Tue, 08 Feb 2022 17:08:45 GMT | INFO | apps.log | Scraping page 5...... | 
Tue, 08 Feb 2022 17:08:49 GMT | INFO | apps.log | Total ads found 32 | 
Tue, 08 Feb 2022 17:08:49 GMT | INFO | apps.log | Scraping 32 items | 
Tue, 08 Feb 2022 17:08:49 GMT | INFO | apps.log | Scraping item 1/32 of page 5..... | 
Tue, 08 Feb 2022 17:08:49 GMT | INFO | apps.log | Scraping item 2/32 of page 5..... | 
Tue, 08 Feb 2022 17:08:49 GMT | INFO | apps.log | Scraping item 3/32 of page 5..... | 
Tue, 08 Feb 2022 17:08:49 GMT | INFO | apps.log | Scraping item 4/32 of page 5..... | 
Tue, 08 Feb 2022 17:08:49 GMT | INFO | apps.log | Scraping item 5/32 of page 5..... | 
Tue, 08 Feb 2022 17:08:49 GMT | INFO | apps.log | Scraping item 6/32 of page 5..... | 
Tue, 08 Feb 2022 17:08:49 GMT | INFO | apps.log | Scraping item 7/32 of page 5..... | 
Tue, 08 Feb 2022 17:08:49 GMT | INFO | apps.log | Scraping item 8/32 of page 5..... | 
Tue, 08 Feb 2022 17:08:49 GMT | INFO | apps.log | Scraping item 9/32 of page 5..... | 
Tue, 08 Feb 2022 17:08:49 GMT | INFO | apps.log | Scraping item 10/32 of page 5..... | 
Tue, 08 Feb 2022 17:08:49 GMT | INFO | apps.log | Scraping item 11/32 of page 5..... | 
Tue, 08 Feb 2022 17:08:49 GMT | INFO | apps.log | Scraping item 12/32 of page 5..... | 
Tue, 08 Feb 2022 17:08:49 GMT | INFO | apps.log | Scraping item 13/32 of page 5..... | 
Tue, 08 Feb 2022 17:08:49 GMT | INFO | apps.log | Scraping item 14/32 of page 5..... | 
Tue, 08 Feb 2022 17:08:49 GMT | INFO | apps.log | Scraping item 15/32 of page 5..... | 
Tue, 08 Feb 2022 17:08:49 GMT | INFO | apps.log | Scraping item 16/32 of page 5..... | 
Tue, 08 Feb 2022 17:08:49 GMT | INFO | apps.log | Scraping item 17/32 of page 5..... | 
Tue, 08 Feb 2022 17:08:49 GMT | INFO | apps.log | Scraping item 18/32 of page 5..... | 
Tue, 08 Feb 2022 17:08:49 GMT | INFO | apps.log | Scraping item 19/32 of page 5..... | 
Tue, 08 Feb 2022 17:08:49 GMT | INFO | apps.log | Scraping item 20/32 of page 5..... | 
Tue, 08 Feb 2022 17:08:49 GMT | INFO | apps.log | Scraping item 21/32 of page 5..... | 
Tue, 08 Feb 2022 17:08:49 GMT | INFO | apps.log | Scraping item 22/32 of page 5..... | 
Tue, 08 Feb 2022 17:08:49 GMT | INFO | apps.log | Scraping item 23/32 of page 5..... | 
Tue, 08 Feb 2022 17:08:49 GMT | INFO | apps.log | Scraping item 24/32 of page 5..... | 
Tue, 08 Feb 2022 17:08:49 GMT | INFO | apps.log | Scraping item 25/32 of page 5..... | 
Tue, 08 Feb 2022 17:08:49 GMT | INFO | apps.log | Scraping item 26/32 of page 5..... | 
Tue, 08 Feb 2022 17:08:49 GMT | INFO | apps.log | Scraping item 27/32 of page 5..... | 
Tue, 08 Feb 2022 17:08:49 GMT | INFO | apps.log | Scraping item 28/32 of page 5..... | 
Tue, 08 Feb 2022 17:08:49 GMT | INFO | apps.log | Scraping item 29/32 of page 5..... | 
Tue, 08 Feb 2022 17:08:49 GMT | INFO | apps.log | Scraping item 30/32 of page 5..... | 
Tue, 08 Feb 2022 17:08:49 GMT | INFO | apps.log | Scraping item 31/32 of page 5..... | 
Tue, 08 Feb 2022 17:08:49 GMT | INFO | apps.log | Scraping item 32/32 of page 5..... | 
Tue, 08 Feb 2022 17:08:59 GMT | INFO | apps.log | Page 5 has 32 items | 
Tue, 08 Feb 2022 17:08:59 GMT | INFO | apps.log | Successfully scraped 32 items of page 5 | 
Tue, 08 Feb 2022 17:08:59 GMT | INFO | apps.log | Worker created for page 6 | 
Tue, 08 Feb 2022 17:08:59 GMT | INFO | apps.log | Scraping page 6...... | 
Tue, 08 Feb 2022 17:09:03 GMT | INFO | apps.log | Total ads found 32 | 
Tue, 08 Feb 2022 17:09:03 GMT | INFO | apps.log | Scraping 32 items | 
Tue, 08 Feb 2022 17:09:03 GMT | INFO | apps.log | Scraping item 1/32 of page 6..... | 
Tue, 08 Feb 2022 17:09:03 GMT | INFO | apps.log | Scraping item 2/32 of page 6..... | 
Tue, 08 Feb 2022 17:09:03 GMT | INFO | apps.log | Scraping item 3/32 of page 6..... | 
Tue, 08 Feb 2022 17:09:03 GMT | INFO | apps.log | Scraping item 4/32 of page 6..... | 
Tue, 08 Feb 2022 17:09:03 GMT | INFO | apps.log | Scraping item 5/32 of page 6..... | 
Tue, 08 Feb 2022 17:09:03 GMT | INFO | apps.log | Scraping item 6/32 of page 6..... | 
Tue, 08 Feb 2022 17:09:03 GMT | INFO | apps.log | Scraping item 7/32 of page 6..... | 
Tue, 08 Feb 2022 17:09:03 GMT | INFO | apps.log | Scraping item 8/32 of page 6..... | 
Tue, 08 Feb 2022 17:09:03 GMT | INFO | apps.log | Scraping item 9/32 of page 6..... | 
Tue, 08 Feb 2022 17:09:03 GMT | INFO | apps.log | Scraping item 10/32 of page 6..... | 
Tue, 08 Feb 2022 17:09:03 GMT | INFO | apps.log | Scraping item 11/32 of page 6..... | 
Tue, 08 Feb 2022 17:09:03 GMT | INFO | apps.log | Scraping item 12/32 of page 6..... | 
Tue, 08 Feb 2022 17:09:03 GMT | INFO | apps.log | Scraping item 13/32 of page 6..... | 
Tue, 08 Feb 2022 17:09:03 GMT | INFO | apps.log | Scraping item 14/32 of page 6..... | 
Tue, 08 Feb 2022 17:09:03 GMT | INFO | apps.log | Scraping item 15/32 of page 6..... | 
Tue, 08 Feb 2022 17:09:03 GMT | INFO | apps.log | Scraping item 16/32 of page 6..... | 
Tue, 08 Feb 2022 17:09:03 GMT | INFO | apps.log | Scraping item 17/32 of page 6..... | 
Tue, 08 Feb 2022 17:09:03 GMT | INFO | apps.log | Scraping item 18/32 of page 6..... | 
Tue, 08 Feb 2022 17:09:03 GMT | INFO | apps.log | Scraping item 19/32 of page 6..... | 
Tue, 08 Feb 2022 17:09:03 GMT | INFO | apps.log | Scraping item 20/32 of page 6..... | 
Tue, 08 Feb 2022 17:09:03 GMT | INFO | apps.log | Scraping item 21/32 of page 6..... | 
Tue, 08 Feb 2022 17:09:03 GMT | INFO | apps.log | Scraping item 22/32 of page 6..... | 
Tue, 08 Feb 2022 17:09:03 GMT | INFO | apps.log | Scraping item 23/32 of page 6..... | 
Tue, 08 Feb 2022 17:09:03 GMT | INFO | apps.log | Scraping item 24/32 of page 6..... | 
Tue, 08 Feb 2022 17:09:03 GMT | INFO | apps.log | Scraping item 25/32 of page 6..... | 
Tue, 08 Feb 2022 17:09:03 GMT | INFO | apps.log | Scraping item 26/32 of page 6..... | 
Tue, 08 Feb 2022 17:09:03 GMT | INFO | apps.log | Scraping item 27/32 of page 6..... | 
Tue, 08 Feb 2022 17:09:03 GMT | INFO | apps.log | Scraping item 28/32 of page 6..... | 
Tue, 08 Feb 2022 17:09:03 GMT | INFO | apps.log | Scraping item 29/32 of page 6..... | 
Tue, 08 Feb 2022 17:09:03 GMT | INFO | apps.log | Scraping item 30/32 of page 6..... | 
Tue, 08 Feb 2022 17:09:03 GMT | INFO | apps.log | Scraping item 31/32 of page 6..... | 
Tue, 08 Feb 2022 17:09:03 GMT | INFO | apps.log | Scraping item 32/32 of page 6..... | 
Tue, 08 Feb 2022 17:09:08 GMT | INFO | apps.log | Page 6 has 32 items | 
Tue, 08 Feb 2022 17:09:08 GMT | INFO | apps.log | Successfully scraped 32 items of page 6 | 
Tue, 08 Feb 2022 17:09:08 GMT | INFO | apps.log | Worker created for page 7 | 
Tue, 08 Feb 2022 17:09:08 GMT | INFO | apps.log | Scraping page 7...... | 
Tue, 08 Feb 2022 17:09:11 GMT | INFO | apps.log | Total ads found 32 | 
Tue, 08 Feb 2022 17:09:11 GMT | INFO | apps.log | Scraping 32 items | 
Tue, 08 Feb 2022 17:09:11 GMT | INFO | apps.log | Scraping item 1/32 of page 7..... | 
Tue, 08 Feb 2022 17:09:11 GMT | INFO | apps.log | Scraping item 2/32 of page 7..... | 
Tue, 08 Feb 2022 17:09:11 GMT | INFO | apps.log | Scraping item 3/32 of page 7..... | 
Tue, 08 Feb 2022 17:09:11 GMT | INFO | apps.log | Scraping item 4/32 of page 7..... | 
Tue, 08 Feb 2022 17:09:11 GMT | INFO | apps.log | Scraping item 5/32 of page 7..... | 
Tue, 08 Feb 2022 17:09:11 GMT | INFO | apps.log | Scraping item 6/32 of page 7..... | 
Tue, 08 Feb 2022 17:09:11 GMT | INFO | apps.log | Scraping item 7/32 of page 7..... | 
Tue, 08 Feb 2022 17:09:11 GMT | INFO | apps.log | Scraping item 8/32 of page 7..... | 
Tue, 08 Feb 2022 17:09:11 GMT | INFO | apps.log | Scraping item 9/32 of page 7..... | 
Tue, 08 Feb 2022 17:09:11 GMT | INFO | apps.log | Scraping item 10/32 of page 7..... | 
Tue, 08 Feb 2022 17:09:11 GMT | INFO | apps.log | Scraping item 11/32 of page 7..... | 
Tue, 08 Feb 2022 17:09:11 GMT | INFO | apps.log | Scraping item 12/32 of page 7..... | 
Tue, 08 Feb 2022 17:09:11 GMT | INFO | apps.log | Scraping item 13/32 of page 7..... | 
Tue, 08 Feb 2022 17:09:11 GMT | INFO | apps.log | Scraping item 14/32 of page 7..... | 
Tue, 08 Feb 2022 17:09:11 GMT | INFO | apps.log | Scraping item 15/32 of page 7..... | 
Tue, 08 Feb 2022 17:09:11 GMT | INFO | apps.log | Scraping item 16/32 of page 7..... | 
Tue, 08 Feb 2022 17:09:11 GMT | INFO | apps.log | Scraping item 17/32 of page 7..... | 
Tue, 08 Feb 2022 17:09:11 GMT | INFO | apps.log | Scraping item 18/32 of page 7..... | 
Tue, 08 Feb 2022 17:09:11 GMT | INFO | apps.log | Scraping item 19/32 of page 7..... | 
Tue, 08 Feb 2022 17:09:11 GMT | INFO | apps.log | Scraping item 20/32 of page 7..... | 
Tue, 08 Feb 2022 17:09:11 GMT | INFO | apps.log | Scraping item 21/32 of page 7..... | 
Tue, 08 Feb 2022 17:09:11 GMT | INFO | apps.log | Scraping item 22/32 of page 7..... | 
Tue, 08 Feb 2022 17:09:11 GMT | INFO | apps.log | Scraping item 23/32 of page 7..... | 
Tue, 08 Feb 2022 17:09:11 GMT | INFO | apps.log | Scraping item 24/32 of page 7..... | 
Tue, 08 Feb 2022 17:09:11 GMT | INFO | apps.log | Scraping item 25/32 of page 7..... | 
Tue, 08 Feb 2022 17:09:11 GMT | INFO | apps.log | Scraping item 26/32 of page 7..... | 
Tue, 08 Feb 2022 17:09:11 GMT | INFO | apps.log | Scraping item 27/32 of page 7..... | 
Tue, 08 Feb 2022 17:09:11 GMT | INFO | apps.log | Scraping item 28/32 of page 7..... | 
Tue, 08 Feb 2022 17:09:11 GMT | INFO | apps.log | Scraping item 29/32 of page 7..... | 
Tue, 08 Feb 2022 17:09:11 GMT | INFO | apps.log | Scraping item 30/32 of page 7..... | 
Tue, 08 Feb 2022 17:09:11 GMT | INFO | apps.log | Scraping item 31/32 of page 7..... | 
Tue, 08 Feb 2022 17:09:11 GMT | INFO | apps.log | Scraping item 32/32 of page 7..... | 
Tue, 08 Feb 2022 17:09:17 GMT | INFO | apps.log | Page 7 has 32 items | 
Tue, 08 Feb 2022 17:09:17 GMT | INFO | apps.log | Successfully scraped 32 items of page 7 | 
Tue, 08 Feb 2022 17:09:17 GMT | INFO | apps.log | Worker created for page 8 | 
Tue, 08 Feb 2022 17:09:17 GMT | INFO | apps.log | Scraping page 8...... | 
Tue, 08 Feb 2022 17:09:19 GMT | INFO | apps.log | Total ads found 23 | 
Tue, 08 Feb 2022 17:09:19 GMT | INFO | apps.log | Scraping 23 items | 
Tue, 08 Feb 2022 17:09:19 GMT | INFO | apps.log | Scraping item 1/23 of page 8..... | 
Tue, 08 Feb 2022 17:09:19 GMT | INFO | apps.log | Scraping item 2/23 of page 8..... | 
Tue, 08 Feb 2022 17:09:19 GMT | INFO | apps.log | Scraping item 3/23 of page 8..... | 
Tue, 08 Feb 2022 17:09:19 GMT | INFO | apps.log | Scraping item 4/23 of page 8..... | 
Tue, 08 Feb 2022 17:09:19 GMT | INFO | apps.log | Scraping item 5/23 of page 8..... | 
Tue, 08 Feb 2022 17:09:19 GMT | INFO | apps.log | Scraping item 6/23 of page 8..... | 
Tue, 08 Feb 2022 17:09:19 GMT | INFO | apps.log | Scraping item 7/23 of page 8..... | 
Tue, 08 Feb 2022 17:09:19 GMT | INFO | apps.log | Scraping item 8/23 of page 8..... | 
Tue, 08 Feb 2022 17:09:19 GMT | INFO | apps.log | Scraping item 9/23 of page 8..... | 
Tue, 08 Feb 2022 17:09:19 GMT | INFO | apps.log | Scraping item 10/23 of page 8..... | 
Tue, 08 Feb 2022 17:09:19 GMT | INFO | apps.log | Scraping item 11/23 of page 8..... | 
Tue, 08 Feb 2022 17:09:19 GMT | INFO | apps.log | Scraping item 12/23 of page 8..... | 
Tue, 08 Feb 2022 17:09:19 GMT | INFO | apps.log | Scraping item 13/23 of page 8..... | 
Tue, 08 Feb 2022 17:09:19 GMT | INFO | apps.log | Scraping item 14/23 of page 8..... | 
Tue, 08 Feb 2022 17:09:19 GMT | INFO | apps.log | Scraping item 15/23 of page 8..... | 
Tue, 08 Feb 2022 17:09:19 GMT | INFO | apps.log | Scraping item 16/23 of page 8..... | 
Tue, 08 Feb 2022 17:09:19 GMT | INFO | apps.log | Scraping item 17/23 of page 8..... | 
Tue, 08 Feb 2022 17:09:19 GMT | INFO | apps.log | Scraping item 18/23 of page 8..... | 
Tue, 08 Feb 2022 17:09:19 GMT | INFO | apps.log | Scraping item 19/23 of page 8..... | 
Tue, 08 Feb 2022 17:09:19 GMT | INFO | apps.log | Scraping item 20/23 of page 8..... | 
Tue, 08 Feb 2022 17:09:19 GMT | INFO | apps.log | Scraping item 21/23 of page 8..... | 
Tue, 08 Feb 2022 17:09:19 GMT | INFO | apps.log | Scraping item 22/23 of page 8..... | 
Tue, 08 Feb 2022 17:09:19 GMT | INFO | apps.log | Scraping item 23/23 of page 8..... | 
Tue, 08 Feb 2022 17:09:22 GMT | ERROR | apps.log | 404 not found, exiting request | 
Tue, 08 Feb 2022 17:09:22 GMT | ERROR | apps.log | Somethig went wrong, repeating request | 
Tue, 08 Feb 2022 17:09:24 GMT | ERROR | apps.log | 404 not found, exiting request | 
Tue, 08 Feb 2022 17:09:24 GMT | ERROR | apps.log | Somethig went wrong, repeating request | 
Tue, 08 Feb 2022 17:09:26 GMT | ERROR | apps.log | 404 not found, exiting request | 
Tue, 08 Feb 2022 17:09:26 GMT | ERROR | apps.log | Somethig went wrong, repeating request | 
Tue, 08 Feb 2022 17:09:27 GMT | ERROR | apps.log | 404 not found, exiting request | 
Tue, 08 Feb 2022 17:09:27 GMT | ERROR | apps.log | Somethig went wrong, repeating request | 
Tue, 08 Feb 2022 17:09:29 GMT | ERROR | apps.log | 404 not found, exiting request | 
Tue, 08 Feb 2022 17:09:29 GMT | ERROR | apps.log | Retries other errors more than 3 times, exiting request | 
Tue, 08 Feb 2022 17:09:29 GMT | ERROR | apps.log | failed url https://www.otomoto.pl/oferta/mercedes-benz-actros-5-mercedes-benz-actros-5-kabina-l-ciagnik-siodlowy-bialy-rok-2021-ID6ElWEk.html | 
Tue, 08 Feb 2022 17:09:29 GMT | INFO | apps.log | Page 8 has 22 items | 
Tue, 08 Feb 2022 17:09:29 GMT | INFO | apps.log | Successfully scraped 22 items of page 8 | 
Tue, 08 Feb 2022 17:09:29 GMT | INFO | apps.log | Total ads scraped: 246 | 
Tue, 08 Feb 2022 17:09:29 GMT | INFO | apps.log | Scraped data saved to output/datas.json | 
